SETTING READ: NET_INTERFACE = wlan0
CHECKING COMPUTER

Starting Nmap 6.00 ( http://nmap.org ) at 2014-12-21 23:28 MST
Nmap scan report for 192.168.1.102
Host is up (0.11s latency).
MAC Address: 50:E5:49:ED:EF:E9 (Giga-byte Technology Co.)
Nmap done: 1 IP address (1 host up) scanned in 4.82 seconds
Updating network interface list...
Checking CPU USAGE...
CPU: 84
SETTING READ: CPU_MON = DISABLED
sleep
CHECKING COMPUTER

Starting Nmap 6.00 ( http://nmap.org ) at 2014-12-21 23:28 MST
Nmap scan report for 192.168.1.102
Host is up (0.0014s latency).
MAC Address: 50:E5:49:ED:EF:E9 (Giga-byte Technology Co.)
Nmap done: 1 IP address (1 host up) scanned in 0.51 seconds
Updating network interface list...
Checking CPU USAGE...
CPU: 100
SETTING READ: CPU_MON = DISABLED
sleep
CHECKING COMPUTER

Starting Nmap 6.00 ( http://nmap.org ) at 2014-12-21 23:28 MST
Nmap scan report for 192.168.1.102
Host is up (0.0014s latency).
MAC Address: 50:E5:49:ED:EF:E9 (Giga-byte Technology Co.)
Nmap done: 1 IP address (1 host up) scanned in 0.43 seconds
Updating network interface list...
Checking CPU USAGE...
CPU: 77
SETTING READ: CPU_MON = DISABLED
sleep
CHECKING COMPUTER

Starting Nmap 6.00 ( http://nmap.org ) at 2014-12-21 23:28 MST
Nmap scan report for 192.168.1.102
Host is up (0.0034s latency).
MAC Address: 50:E5:49:ED:EF:E9 (Giga-byte Technology Co.)
Nmap done: 1 IP address (1 host up) scanned in 0.57 seconds
Updating network interface list...
Checking CPU USAGE...
CPU: 20
SETTING READ: CPU_MON = DISABLED
sleep
CHECKING COMPUTER

Starting Nmap 6.00 ( http://nmap.org ) at 2014-12-21 23:28 MST
Nmap scan report for 192.168.1.102
Host is up (0.0019s latency).
MAC Address: 50:E5:49:ED:EF:E9 (Giga-byte Technology Co.)
Nmap done: 1 IP address (1 host up) scanned in 0.46 seconds
Updating network interface list...
Checking CPU USAGE...
CPU: 36
SETTING READ: CPU_MON = DISABLED
sleep
CHECKING COMPUTER

Starting Nmap 6.00 ( http://nmap.org ) at 2014-12-21 23:28 MST
Nmap scan report for 192.168.1.102
Host is up (0.0077s latency).
MAC Address: 50:E5:49:ED:EF:E9 (Giga-byte Technology Co.)
Nmap done: 1 IP address (1 host up) scanned in 0.41 seconds
Updating network interface list...
Checking CPU USAGE...
CPU: 18
SETTING READ: CPU_MON = DISABLED
sleep
CHECKING COMPUTER

Starting Nmap 6.00 ( http://nmap.org ) at 2014-12-21 23:28 MST
Nmap scan report for 192.168.1.102
Host is up (0.0018s latency).
MAC Address: 50:E5:49:ED:EF:E9 (Giga-byte Technology Co.)
Nmap done: 1 IP address (1 host up) scanned in 0.39 seconds
Updating network interface list...
Checking CPU USAGE...
CPU: 40
SETTING READ: CPU_MON = DISABLED
sleep
CHECKING COMPUTER

Starting Nmap 6.00 ( http://nmap.org ) at 2014-12-21 23:28 MST
Nmap scan report for 192.168.1.102
Host is up (0.0075s latency).
MAC Address: 50:E5:49:ED:EF:E9 (Giga-byte Technology Co.)
Nmap done: 1 IP address (1 host up) scanned in 0.46 seconds
Updating network interface list...
Checking CPU USAGE...
CPU: 20
SETTING READ: CPU_MON = DISABLED
sleep
CHECKING COMPUTER

Starting Nmap 6.00 ( http://nmap.org ) at 2014-12-21 23:28 MST
Nmap scan report for 192.168.1.102
Host is up (0.0072s latency).
MAC Address: 50:E5:49:ED:EF:E9 (Giga-byte Technology Co.)
Nmap done: 1 IP address (1 host up) scanned in 0.42 seconds
Updating network interface list...
Checking CPU USAGE...
CPU: 33
SETTING READ: CPU_MON = DISABLED
sleep
CHECKING COMPUTER

Starting Nmap 6.00 ( http://nmap.org ) at 2014-12-21 23:28 MST
Nmap scan report for 192.168.1.102
Host is up (0.0067s latency).
MAC Address: 50:E5:49:ED:EF:E9 (Giga-byte Technology Co.)
Nmap done: 1 IP address (1 host up) scanned in 0.39 seconds
Updating network interface list...
Checking CPU USAGE...
SETTING READ: CPU_MON = DISABLED
sleep
CHECKING COMPUTER

Starting Nmap 6.00 ( http://nmap.org ) at 2014-12-21 23:28 MST
Nmap scan report for 192.168.1.102
Host is up (0.0013s latency).
MAC Address: 50:E5:49:ED:EF:E9 (Giga-byte Technology Co.)
Nmap done: 1 IP address (1 host up) scanned in 0.41 seconds
Updating network interface list...
Checking CPU USAGE...
CPU: 27
SETTING READ: CPU_MON = DISABLED
sleep
CHECKING COMPUTER

Starting Nmap 6.00 ( http://nmap.org ) at 2014-12-21 23:29 MST
Nmap scan report for 192.168.1.102
Host is up (0.0056s latency).
MAC Address: 50:E5:49:ED:EF:E9 (Giga-byte Technology Co.)
Nmap done: 1 IP address (1 host up) scanned in 0.36 seconds
Updating network interface list...
Checking CPU USAGE...
CPU: 18
SETTING READ: CPU_MON = DISABLED
sleep
CHECKING COMPUTER

Starting Nmap 6.00 ( http://nmap.org ) at 2014-12-21 23:29 MST
Nmap scan report for 192.168.1.102
Host is up (0.0052s latency).
MAC Address: 50:E5:49:ED:EF:E9 (Giga-byte Technology Co.)
Nmap done: 1 IP address (1 host up) scanned in 0.45 seconds
Updating network interface list...
Checking CPU USAGE...
CPU: 11
SETTING READ: CPU_MON = DISABLED
sleep
CHECKING COMPUTER

Starting Nmap 6.00 ( http://nmap.org ) at 2014-12-21 23:29 MST
Nmap scan report for 192.168.1.102
Host is up (0.0056s latency).
MAC Address: 50:E5:49:ED:EF:E9 (Giga-byte Technology Co.)
Nmap done: 1 IP address (1 host up) scanned in 0.55 seconds
Updating network interface list...
Checking CPU USAGE...
CPU: 10
SETTING READ: CPU_MON = DISABLED
sleep
CHECKING COMPUTER

Starting Nmap 6.00 ( http://nmap.org ) at 2014-12-21 23:29 MST
Nmap scan report for 192.168.1.102
Host is up (0.0048s latency).
MAC Address: 50:E5:49:ED:EF:E9 (Giga-byte Technology Co.)
Nmap done: 1 IP address (1 host up) scanned in 0.53 seconds
Updating network interface list...
Checking CPU USAGE...
CPU: 11
SETTING READ: CPU_MON = DISABLED
sleep
CHECKING COMPUTER

Starting Nmap 6.00 ( http://nmap.org ) at 2014-12-21 23:29 MST
Nmap scan report for 192.168.1.102
Host is up (0.010s latency).
MAC Address: 50:E5:49:ED:EF:E9 (Giga-byte Technology Co.)
Nmap done: 1 IP address (1 host up) scanned in 0.49 seconds
Updating network interface list...
Checking CPU USAGE...
CPU: 11
SETTING READ: CPU_MON = DISABLED
sleep
CHECKING COMPUTER

Starting Nmap 6.00 ( http://nmap.org ) at 2014-12-21 23:29 MST
Nmap scan report for 192.168.1.102
Host is up (0.0050s latency).
MAC Address: 50:E5:49:ED:EF:E9 (Giga-byte Technology Co.)
Nmap done: 1 IP address (1 host up) scanned in 0.53 seconds
Updating network interface list...
Checking CPU USAGE...
CPU: 11
SETTING READ: CPU_MON = DISABLED
sleep
CHECKING COMPUTER

Starting Nmap 6.00 ( http://nmap.org ) at 2014-12-21 23:29 MST
Nmap scan report for 192.168.1.102
Host is up (0.0065s latency).
MAC Address: 50:E5:49:ED:EF:E9 (Giga-byte Technology Co.)
Nmap done: 1 IP address (1 host up) scanned in 0.49 seconds
Updating network interface list...
Checking CPU USAGE...
CPU: 88
SETTING READ: CPU_MON = DISABLED
sleep
CHECKING COMPUTER

Starting Nmap 6.00 ( http://nmap.org ) at 2014-12-21 23:29 MST
Nmap scan report for 192.168.1.102
Host is up (0.0053s latency).
MAC Address: 50:E5:49:ED:EF:E9 (Giga-byte Technology Co.)
Nmap done: 1 IP address (1 host up) scanned in 0.62 seconds
Updating network interface list...
Checking CPU USAGE...
CPU: 36
SETTING READ: CPU_MON = DISABLED
sleep
CHECKING COMPUTER

Starting Nmap 6.00 ( http://nmap.org ) at 2014-12-21 23:29 MST
Nmap scan report for 192.168.1.102
Host is up (0.0015s latency).
MAC Address: 50:E5:49:ED:EF:E9 (Giga-byte Technology Co.)
Nmap done: 1 IP address (1 host up) scanned in 0.39 seconds
Updating network interface list...
Checking CPU USAGE...
CPU: 20
SETTING READ: CPU_MON = DISABLED
sleep
CHECKING COMPUTER

Starting Nmap 6.00 ( http://nmap.org ) at 2014-12-21 23:29 MST
Nmap scan report for 192.168.1.102
Host is up (0.0055s latency).
MAC Address: 50:E5:49:ED:EF:E9 (Giga-byte Technology Co.)
Nmap done: 1 IP address (1 host up) scanned in 0.69 seconds
Updating network interface list...
Checking CPU USAGE...
CPU: 100
SETTING READ: CPU_MON = DISABLED
sleep
CHECKING COMPUTER

Starting Nmap 6.00 ( http://nmap.org ) at 2014-12-21 23:29 MST
Nmap scan report for 192.168.1.102
Host is up (0.0031s latency).
MAC Address: 50:E5:49:ED:EF:E9 (Giga-byte Technology Co.)
Nmap done: 1 IP address (1 host up) scanned in 0.63 seconds
Updating network interface list...
Checking CPU USAGE...
CPU: 10
SETTING READ: CPU_MON = DISABLED
sleep
CHECKING COMPUTER

Starting Nmap 6.00 ( http://nmap.org ) at 2014-12-21 23:29 MST
Nmap scan report for 192.168.1.102
Host is up (0.013s latency).
MAC Address: 50:E5:49:ED:EF:E9 (Giga-byte Technology Co.)
Nmap done: 1 IP address (1 host up) scanned in 0.50 seconds
Updating network interface list...
Checking CPU USAGE...
CPU: 20
SETTING READ: CPU_MON = DISABLED
sleep
CHECKING COMPUTER

Starting Nmap 6.00 ( http://nmap.org ) at 2014-12-21 23:29 MST
Nmap scan report for 192.168.1.102
Host is up (0.0021s latency).
MAC Address: 50:E5:49:ED:EF:E9 (Giga-byte Technology Co.)
Nmap done: 1 IP address (1 host up) scanned in 0.46 seconds
Updating network interface list...
Checking CPU USAGE...
CPU: 11
SETTING READ: CPU_MON = DISABLED
sleep
CHECKING COMPUTER

Starting Nmap 6.00 ( http://nmap.org ) at 2014-12-21 23:29 MST
Nmap scan report for 192.168.1.102
Host is up (0.0028s latency).
MAC Address: 50:E5:49:ED:EF:E9 (Giga-byte Technology Co.)
Nmap done: 1 IP address (1 host up) scanned in 0.50 seconds
Updating network interface list...
Checking CPU USAGE...
CPU: 18
SETTING READ: CPU_MON = DISABLED
sleep
CHECKING COMPUTER

Starting Nmap 6.00 ( http://nmap.org ) at 2014-12-21 23:29 MST
Nmap scan report for 192.168.1.102
Host is up (0.0013s latency).
MAC Address: 50:E5:49:ED:EF:E9 (Giga-byte Technology Co.)
Nmap done: 1 IP address (1 host up) scanned in 0.44 seconds
Updating network interface list...
Checking CPU USAGE...
CPU: 20
SETTING READ: CPU_MON = DISABLED
sleep
CHECKING COMPUTER

Starting Nmap 6.00 ( http://nmap.org ) at 2014-12-21 23:30 MST
Nmap scan report for 192.168.1.102
Host is up (0.011s latency).
MAC Address: 50:E5:49:ED:EF:E9 (Giga-byte Technology Co.)
Nmap done: 1 IP address (1 host up) scanned in 0.51 seconds
Updating network interface list...
Checking CPU USAGE...
CPU: 30
SETTING READ: CPU_MON = DISABLED
sleep
CHECKING COMPUTER

Starting Nmap 6.00 ( http://nmap.org ) at 2014-12-21 23:30 MST
Nmap scan report for 192.168.1.102
Host is up (0.017s latency).
MAC Address: 50:E5:49:ED:EF:E9 (Giga-byte Technology Co.)
Nmap done: 1 IP address (1 host up) scanned in 0.56 seconds
Updating network interface list...
Checking CPU USAGE...
CPU: 10
SETTING READ: CPU_MON = DISABLED
sleep
CHECKING COMPUTER

Starting Nmap 6.00 ( http://nmap.org ) at 2014-12-21 23:30 MST
Nmap scan report for 192.168.1.102
Host is up (0.0065s latency).
MAC Address: 50:E5:49:ED:EF:E9 (Giga-byte Technology Co.)
Nmap done: 1 IP address (1 host up) scanned in 0.99 seconds
Updating network interface list...
Checking CPU USAGE...
CPU: 100
SETTING READ: CPU_MON = DISABLED
sleep
CHECKING COMPUTER

Starting Nmap 6.00 ( http://nmap.org ) at 2014-12-21 23:30 MST
Nmap scan report for 192.168.1.102
Host is up (0.0049s latency).
MAC Address: 50:E5:49:ED:EF:E9 (Giga-byte Technology Co.)
Nmap done: 1 IP address (1 host up) scanned in 0.37 seconds
Updating network interface list...
Checking CPU USAGE...
CPU: 11
SETTING READ: CPU_MON = DISABLED
sleep
CHECKING COMPUTER

Starting Nmap 6.00 ( http://nmap.org ) at 2014-12-21 23:30 MST
Nmap scan report for 192.168.1.102
Host is up (0.0011s latency).
MAC Address: 50:E5:49:ED:EF:E9 (Giga-byte Technology Co.)
Nmap done: 1 IP address (1 host up) scanned in 0.45 seconds
Updating network interface list...
Checking CPU USAGE...
CPU: 54
SETTING READ: CPU_MON = DISABLED
sleep
CHECKING COMPUTER

Starting Nmap 6.00 ( http://nmap.org ) at 2014-12-21 23:30 MST
Nmap scan report for 192.168.1.102
Host is up (0.0010s latency).
MAC Address: 50:E5:49:ED:EF:E9 (Giga-byte Technology Co.)
Nmap done: 1 IP address (1 host up) scanned in 0.52 seconds
Updating network interface list...
Checking CPU USAGE...
CPU: 38
SETTING READ: CPU_MON = DISABLED
sleep
CHECKING COMPUTER

Starting Nmap 6.00 ( http://nmap.org ) at 2014-12-21 23:30 MST
Nmap scan report for 192.168.1.102
Host is up (0.20s latency).
MAC Address: 50:E5:49:ED:EF:E9 (Giga-byte Technology Co.)
Nmap done: 1 IP address (1 host up) scanned in 0.99 seconds
Updating network interface list...
Checking CPU USAGE...
CPU: 44
SETTING READ: CPU_MON = DISABLED
sleep
CHECKING COMPUTER

Starting Nmap 6.00 ( http://nmap.org ) at 2014-12-21 23:30 MST
Nmap s