 
///////////////////////////////////////////////////////////////////////
 
8888888888 888                   888                     8888888b.  d8b 
888        888                   888                     888   Y88b Y8P 
888        888                   888                     888    888     
8888888    888  .d88b.   .d8888b 888888 888d888  .d88b.  888   d88P 888 
888        888 d8P  Y8b d88P"    888    888P"   d88""88b 8888888P"  888 
888        888 88888888 888      888    888     888  888 888        888 
888        888 Y8b.     Y88b.    Y88b.  888     Y88..88P 888        888 
8888888888 888  "Y8888   "Y8888P  "Y888 888      "Y88P"  888        888
 
///////////////////////////////////////////////////////////////////////
 
Checking PID 2529 timeout...
Checking PID 2529 timeout...
Checking PID 2529 timeout...
Checking PID 2529 timeout...
SETTING READ: BRIGHTNESS = 100
SETTING READ: RGBLED = ENABLED
SETTING READ: FREQ_ATTACHED = 315
Checking PID 2529 timeout...
Argument: NONE
Checking PID 2529 timeout...
STARTING WATCHDOG...
Checking reboot type...
Checking PID 2529 timeout...
SETTING READ: RGBLED = ENABLED
SETTING READ: BRIGHTNESS = 100
SETTING READ: RGBLED = ENABLED
SETTING READ: BRIGHTNESS = 100
SETTING READ: RGBLED = ENABLED
SETTING READ: BRIGHTNESS = 100
SETTING READ: RGBLED = ENABLED
SETTING READ: BRIGHTNESS = 100
SETTING READ: RGBLED = ENABLED
SETTING READ: BRIGHTNESS = 100
SETTING READ: RGBLED = ENABLED
SETTING READ: BRIGHTNESS = 100
Checking PID 2529 timeout...
21:38:39.465554
21
21:38 X
TIME CHANGED
SETTING READ: RGBLED = ENABLED
SETTING READ: BRIGHTNESS = 100
SETTING READ: RGBLED = ENABLED
SETTING READ: BRIGHTNESS = 100
SETTING READ: RGBLED = ENABLED
SETTING READ: BRIGHTNESS = 100
SETTING READ: RGBLED = ENABLED
SETTING READ: BRIGHTNESS = 100
SETTING READ: RGBLED = ENABLED
SETTING READ: BRIGHTNESS = 100
SETTING READ: RGBLED = ENABLED
SETTING READ: BRIGHTNESS = 100
SETTING READ: RGBLED = ENABLED
SETTING READ: BRIGHTNESS = 100
Checking PID 2529 timeout...
21:38:40.211801
21
21:38 21:38
SETTING READ: RGBLED = ENABLED
SETTING READ: BRIGHTNESS = 100
SETTING READ: RGBLED = ENABLED
SETTING READ: BRIGHTNESS = 100
SETTING READ: RGBLED = ENABLED
SETTING READ: BRIGHTNESS = 100
SETTING READ: RGBLED = ENABLED
SETTING READ: BRIGHTNESS = 100
SETTING READ: RGBLED = ENABLED
SETTING READ: BRIGHTNESS = 100
SETTING READ: RGBLED = ENABLED
SETTING READ: BRIGHTNESS = 100
SETTING READ: RGBLED = ENABLED
SETTING READ: BRIGHTNESS = 100
Checking PID 2529 timeout...
21:38:41.018345
21
21:38 21:38
SETTING READ: RGBLED = ENABLED
SETTING READ: BRIGHTNESS = 100
SETTING READ: RGBLED = ENABLED
SETTING READ: BRIGHTNESS = 100
SETTING READ: RGBLED = ENABLED
SETTING READ: BRIGHTNESS = 100
SETTING READ: RGBLED = ENABLED
SETTING READ: BRIGHTNESS = 100
SETTING READ: RGBLED = ENABLED
SETTING READ: BRIGHTNESS = 100
SETTING READ: RGBLED = ENABLED
SETTING READ: BRIGHTNESS = 100
SETTING READ: RGBLED = ENABLED
SETTING READ: BRIGHTNESS = 100
Checking PID 2529 timeout...
21:38:41.730439
21
21:38 21:38
SETTING READ: RGBLED = ENABLED
SETTING READ: BRIGHTNESS = 100
SETTING READ: RGBLED = ENABLED
SETTING READ: BRIGHTNESS = 100
SETTING READ: RGBLED = ENABLED
SETTING READ: BRIGHTNESS = 100
SETTING READ: RGBLED = ENABLED
SETTING READ: BRIGHTNESS = 100
SETTING READ: RGBLED = ENABLED
SETTING READ: BRIGHTNESS = 100
SETTING READ: RGBLED = ENABLED
SETTING READ: BRIGHTNESS = 100
SETTING READ: RGBLED = ENABLED
SETTING READ: BRIGHTNESS = 100
Checking PID 2529 timeout...
21:38:42.447301
21
21:38 21:38
SETTING READ: RGBLED = ENABLED
SETTING READ: BRIGHTNESS = 100
SETTING READ: RGBLED = ENABLED
SETTING READ: BRIGHTNESS = 100
SETTING READ: RGBLED = ENABLED
SETTING READ: BRIGHTNESS = 100
SETTING READ: RGBLED = ENABLED
SETTING READ: BRIGHTNESS = 100
SETTING READ: RGBLED = ENABLED
SETTING READ: BRIGHTNESS = 100
SETTING READ: RGBLED = ENABLED
SETTING READ: BRIGHTNESS = 100
SETTING READ: RGBLED = ENABLED
SETTING READ: BRIGHTNESS = 100
Checking PID 2529 timeout...
21:38:43.181305
21
21:38 21:38
SETTING READ: RGBLED = ENABLED
SETTING READ: BRIGHTNESS = 100
SETTING READ: RGBLED = ENABLED
SETTING READ: BRIGHTNESS = 100
SETTING READ: RGBLED = ENABLED
SETTING READ: BRIGHTNESS = 100
SETTING READ: RGBLED = ENABLED
SETTING READ: BRIGHTNESS = 100
SETTING READ: RGBLED = ENABLED
SETTING READ: BRIGHTNESS = 100
SETTING READ: RGBLED = ENABLED
SETTING READ: BRIGHTNESS = 100
SETTING READ: RGBLED = ENABLED
SETTING READ: BRIGHTNESS = 100
Checking PID 2529 timeout...
21:38:43.879529
21
21:38 21:38
SETTING READ: RGBLED = ENABLED
SETTING READ: BRIGHTNESS = 100
SETTING READ: RGBLED = ENABLED
SETTING READ: BRIGHTNESS = 100
SETTING READ: RGBLED = ENABLED
SETTING READ: BRIGHTNESS = 100
SETTING READ: RGBLED = ENABLED
SETTING READ: BRIGHTNESS = 100
SETTING READ: RGBLED = ENABLED
SETTING READ: BRIGHTNESS = 100
SETTING READ: RGBLED = ENABLED
SETTING READ: BRIGHTNESS = 100
SETTING READ: RGBLED = ENABLED
SETTING READ: BRIGHTNESS = 100
Checking PID 2529 timeout...
21:38:44.609931
21
21:38 21:38
SETTING READ: RGBLED = ENABLED
SETTING READ: BRIGHTNESS = 100
SETTING READ: RGBLED = ENABLED
SETTING READ: BRIGHTNESS = 100
SETTING READ: RGBLED = ENABLED
SETTING READ: BRIGHTNESS = 100
SETTING READ: RGBLED = ENABLED
SETTING READ: BRIGHTNESS = 100
SETTING READ: RGBLED = ENABLED
SETTING READ: BRIGHTNESS = 100
SETTING READ: RGBLED = ENABLED
SETTING READ: BRIGHTNESS = 100
SETTING READ: RGBLED = ENABLED
SETTING READ: BRIGHTNESS = 100
Checking PID 2529 timeout...
21:38:45.398051
21
21:38 21:38
SETTING READ: RGBLED = ENABLED
SETTING READ: BRIGHTNESS = 100
SETTING READ: RGBLED = ENABLED
SETTING READ: BRIGHTNESS = 100
SETTING READ: RGBLED = ENABLED
SETTING READ: BRIGHTNESS = 100
SETTING READ: RGBLED = ENABLED
SETTING READ: BRIGHTNESS = 100
SETTING READ: RGBLED = ENABLED
SETTING READ: BRIGHTNESS = 100
SETTING READ: RGBLED = ENABLED
SETTING READ: BRIGHTNESS = 100
SETTING READ: RGBLED = ENABLED
SETTING READ: BRIGHTNESS = 100
Checking PID 2529 timeout...
21:38:46.148289
21
21:38 21:38
SETTING READ: RGBLED = ENABLED
SETTING READ: BRIGHTNESS = 100
BLOOP
SETTING READ: RGBLED = ENABLED
SETTING READ: BRIGHTNESS = 100
SETTING READ: RGBLED = ENABLED
SETTING READ: BRIGHTNESS = 100
SETTING READ: RGBLED = ENABLED
SETTING READ: BRIGHTNESS = 100
SETTING READ: RGBLED = ENABLED
SETTING READ: BRIGHTNESS = 100
SETTING READ: RGBLED = ENABLED
SETTING READ: BRIGHTNESS = 100
SETTING READ: RGBLED = ENABLED
SETTING READ: BRIGHTNESS = 100
SETTING READ: RGBLED = ENABLED
SETTING READ: BRIGHTNESS = 100
Checking PID 2529 timeout...
21:38:46.905825
21
21:38 21:38
SETTING READ: RGBLED = ENABLED
SETTING READ: BRIGHTNESS = 100
SETTING READ: RGBLED = ENABLED
SETTING READ: BRIGHTNESS = 100
SETTING READ: RGBLED = ENABLED
SETTING READ: BRIGHTNESS = 100
SETTING READ: RGBLED = ENABLED
SETTING READ: BRIGHTNESS = 100
SETTING READ: RGBLED = ENABLED
SETTING READ: BRIGHTNESS = 100
SETTING READ: RGBLED = ENABLED
SETTING READ: BRIGHTNESS = 100
SETTING READ: RGBLED = ENABLED
SETTING READ: BRIGHTNESS = 100
Checking PID 2529 timeout...
21:38:47.608279
21
21:38 21:38
SETTING READ: RGBLED = ENABLED
SETTING READ: BRIGHTNESS = 100
SETTING READ: RGBLED = ENABLED
SETTING READ: BRIGHTNESS = 100
SETTING READ: RGBLED = ENABLED
SETTING READ: BRIGHTNESS = 100
SETTING READ: RGBLED = ENABLED
SETTING READ: BRIGHTNESS = 100
SETTING READ: RGBLED = ENABLED
SETTING READ: BRIGHTNESS = 100
SETTING READ: RGBLED = ENABLED
SETTING READ: BRIGHTNESS = 100
SETTING READ: RGBLED = ENABLED
SETTING READ: BRIGHTNESS = 100
Checking PID 2529 timeout...
21:38:48.302461
21
21:38 21:38
SETTING READ: RGBLED = ENABLED
SETTING READ: BRIGHTNESS = 100
SETTING READ: RGBLED = ENABLED
SETTING READ: BRIGHTNESS = 100
SETTING READ: RGBLED = ENABLED
SETTING READ: BRIGHTNESS = 100
SETTING READ: RGBLED = ENABLED
SETTING READ: BRIGHTNESS = 100
SETTING READ: RGBLED = ENABLED
SETTING READ: BRIGHTNESS = 100
SETTING READ: RGBLED = ENABLED
SETTING READ: BRIGHTNESS = 100
SETTING READ: RGBLED = ENABLED
SETTING READ: BRIGHTNESS = 100
Checking PID 2529 timeout...
21:38:49.006300
21
21:38 21:38
SETTING READ: RGBLED = ENABLED
SETTING READ: BRIGHTNESS = 100
SETTING READ: RGBLED = ENABLED
SETTING READ: BRIGHTNESS = 100
SETTING READ: RGBLED = ENABLED
SETTING READ: BRIGHTNESS = 100
SETTING READ: RGBLED = ENABLED
SETTING READ: BRIGHTNESS = 100
SETTING READ: RGBLED = ENABLED
SETTING READ: BRIGHTNESS = 100
SETTING READ: RGBLED = ENABLED
SETTING READ: BRIGHTNESS = 100
SETTING READ: RGBLED = ENABLED
SETTING READ: BRIGHTNESS = 100
Checking PID 2529 timeout...
21:38:49.706448
21
21:38 21:38
SETTING READ: RGBLED = ENABLED
SETTING READ: BRIGHTNESS = 100
SETTING READ: RGBLED = ENABLED
SETTING READ: BRIGHTNESS = 100
SETTING READ: RGBLED = ENABLED
SETTING READ: BRIGHTNESS = 100
SETTING READ: RGBLED = ENABLED
SETTING READ: BRIGHTNESS = 100
SETTING READ: RGBLED = ENABLED
SETTING READ: BRIGHTNESS = 100
SETTING READ: RGBLED = ENABLED
SETTING READ: BRIGHTNESS = 100
SETTING READ: RGBLED = ENABLED
SETTING READ: BRIGHTNESS = 100
Checking PID 2529 timeout...
21:38:50.516297
21
21:38 21:38
SETTING READ: RGBLED = ENABLED
SETTING READ: BRIGHTNESS = 100
SETTING READ: RGBLED = ENABLED
SETTING READ: BRIGHTNESS = 100
SETTING READ: RGBLED = ENABLED
SETTING READ: BRIGHTNESS = 100
SETTING READ: RGBLED = ENABLED
SETTING READ: BRIGHTNESS = 100
SETTING READ: RGBLED = ENABLED
SETTING READ: BRIGHTNESS = 100
SETTING READ: RGBLED = ENABLED
SETTING READ: BRIGHTNESS = 100
SETTING READ: RGBLED = ENABLED
SETTING READ: BRIGHTNESS = 100
Checking PID 2529 timeout...
21:38:51.297809
21
21:38 21:38
SETTING READ: RGBLED = ENABLED
SETTING READ: BRIGHTNESS = 100
SETTING READ: RGBLED = ENABLED
SETTING READ: BRIGHTNESS = 100
SETTING READ: RGBLED = ENABLED
SETTING READ: BRIGHTNESS = 100
SETTING READ: RGBLED = ENABLED
SETTING READ: BRIGHTNESS = 100
SETTING READ: RGBLED = ENABLED
SETTING READ: BRIGHTNESS = 100
SETTING READ: RGBLED = ENABLED
SETTING READ: BRIGHTNESS = 100
SETTING READ: RGBLED = ENABLED
SETTING READ: BRIGHTNESS = 100
Checking PID 2529 timeout...
21:38:52.123861
21
21:38 21:38
SETTING READ: RGBLED = ENABLED
SETTING READ: BRIGHTNESS = 100
SETTING READ: RGBLED = ENABLED
SETTING READ: BRIGHTNESS = 100
SETTING READ: RGBLED = ENABLED
SETTING READ: BRIGHTNESS = 100
SETTING READ: RGBLED = ENABLED
SETTING READ: BRIGHTNESS = 100
SETTING READ: RGBLED = ENABLED
SETTING READ: BRIGHTNESS = 100
SETTING READ: RGBLED = ENABLED
SETTING READ: BRIGHTNESS = 100
SETTING READ: RGBLED = ENABLED
SETTING READ: BRIGHTNESS = 100
Checking PID 2529 timeout...
21:38:52.889153
21
21:38 21:38
SETTING READ: RGBLED = ENABLED
SETTING READ: BRIGHTNESS = 100
SETTING READ: RGBLED = ENABLED
SETTING READ: BRIGHTNESS = 100
SETTING READ: RGBLED = ENABLED
SETTING READ: BRIGHTNESS = 100
SETTING READ: RGBLED = ENABLED
SETTING READ: BRIGHTNESS = 100
SETTING READ: RGBLED = ENABLED
SETTING READ: BRIGHTNESS = 100
SETTING READ: RGBLED = ENABLED
SETTING READ: BRIGHTNESS = 100
SETTING READ: RGBLED = ENABLED
SETTING READ: BRIGHTNESS = 100
Checking PID 2529 timeout...
21:38:53.633744
21
21:38 21:38
SETTING READ: RGBLED = ENABLED
SETTING READ: BRIGHTNESS = 100
BLOOP
SETTING READ: RGBLED = ENABLED
SETTING READ: BRIGHTNESS = 100
SETTING READ: RGBLED = ENABLED
SETTING READ: BRIGHTNESS = 100
SETTING READ: RGBLED = ENABLED
SETTING READ: BRIGHTNESS = 100
SETTING READ: RGBLED = ENABLED
SETTING READ: BRIGHTNESS = 100
SETTING READ: RGBLED = ENABLED
SETTING READ: BRIGHTNESS = 100
SETTING READ: RGBLED = ENABLED
SETTING READ: BRIGHTNESS = 100
SETTING READ: RGBLED = ENABLED
SETTING READ: BRIGHTNESS = 100
Checking PID 2529 timeout...
21:38:54.364080
21
21:38 21:38
SETTING READ: RGBLED = ENABLED
SETTING READ: BRIGHTNESS = 100
SETTING READ: RGBLED = ENABLED
SETTING READ: BRIGHTNESS = 100
SETTING READ: RGBLED = ENABLED
SETTING READ: BRIGHTNESS = 100
SETTING READ: RGBLED = ENABLED
SETTING READ: BRIGHTNESS = 100
SETTING READ: RGBLED = ENABLED
SETTING READ: BRIGHTNESS = 100
SETTING READ: RGBLED = ENABLED
SETTING READ: BRIGHTNESS = 100
SETTING READ: RGBLED = ENABLED
SETTING READ: BRIGHTNESS = 100
Checking PID 2529 timeout...
21:38:55.063940
21
21:38 21:38
SETTING READ: RGBLED = ENABLED
SETTING READ: BRIGHTNESS = 100
SETTING READ: RGBLED = ENABLED
SETTING READ: BRIGHTNESS = 100
SETTING READ: RGBLED = ENABLED
SETTING READ: BRIGHTNESS = 100
SETTING READ: RGBLED = ENABLED
SETTING READ: BRIGHTNESS = 100
SETTING READ: RGBLED = ENABLED
SETTING READ: BRIGHTNESS = 100
SETTING READ: RGBLED = ENABLED
SETTING READ: BRIGHTNESS = 100
SETTING READ: RGBLED = ENABLED
SETTING READ: BRIGHTNESS = 100
Checking PID 2529 timeout...
21:38:55.834550
21
21:38 21:38
SETTING READ: RGBLED = ENABLED
SETTING READ: BRIGHTNESS = 100
SETTING READ: RGBLED = ENABLED
SETTING READ: BRIGHTNESS = 100
SETTING READ: RGBLED = ENABLED
SETTING READ: BRIGHTNESS = 100
SETTING READ: RGBLED = ENABLED
SETTING READ: BRIGHTNESS = 100
SETTING READ: RGBLED = ENABLED
SETTING READ: BRIGHTNESS = 100
SETTING READ: RGBLED = ENABLED
SETTING READ: BRIGHTNESS = 100
SETTING READ: RGBLED = ENABLED
SETTING READ: BRIGHTNESS = 100
Checking PID 2529 timeout...
21:38:56.600049
21
21:38 21:38
SETTING READ: RGBLED = ENABLED
SETTING READ: BRIGHTNESS = 100
SETTING READ: RGBLED = ENABLED
SETTING READ: BRIGHTNESS = 100
SETTING READ: RGBLED = ENABLED
SETTING READ: BRIGHTNESS = 100
SETTING READ: RGBLED = ENABLED
SETTING READ: BRIGHTNESS = 100
SETTING READ: RGBLED = ENABLED
SETTING READ: BRIGHTNESS = 100
SETTING READ: RGBLED = ENABLED
SETTING READ: BRIGHTNESS = 100
SETTING READ: RGBLED = ENABLED
SETTING READ: BRIGHTNESS = 100
Checking PID 2529 timeout...
21:38:57.426333
21
21:38 21:38
SETTING READ: RGBLED = ENABLED
SETTING READ: BRIGHTNESS = 100
SETTING READ: RGBLED = ENABLED
SETTING READ: BRIGHTNESS = 100
SETTING READ: RGBLED = ENABLED
SETTING READ: BRIGHTNESS = 100
SETTING READ: RGBLED = ENABLED
SETTING READ: BRIGHTNESS = 100
SETTING READ: RGBLED = ENABLED
SETTING READ: BRIGHTNESS = 100
SETTING READ: RGBLED = ENABLED
SETTING READ: BRIGHTNESS = 100
SETTING READ: RGBLED = ENABLED
SETTING READ: BRIGHTNESS = 100
Checking PID 2529 timeout...
21:38:58.252377
21
21:38 21:38
SETTING READ: RGBLED = ENABLED
SETTING READ: BRIGHTNESS = 100
SETTING READ: RGBLED = ENABLED
SETTING READ: BRIGHTNESS = 100
SETTING READ: RGBLED = ENABLED
SETTING READ: BRIGHTNESS = 100
SETTING READ: RGBLED = ENABLED
SETTING READ: BRIGHTNESS = 100
SETTING READ: RGBLED = ENABLED
SETTING READ: BRIGHTNESS = 100
SETTING READ: RGBLED = ENABLED
SETTING READ: BRIGHTNESS = 100
SETTING READ: RGBLED = ENABLED
SETTING READ: BRIGHTNESS = 100
Checking PID 2529 timeout...
21:38:59.006266
21
21:38 21:38
SETTING READ: RGBLED = ENABLED
SETTING READ: BRIGHTNESS = 100
SETTING READ: RGBLED = ENABLED
SETTING READ: BRIGHTNESS = 100
SETTING READ: RGBLED = ENABLED
SETTING READ: BRIGHTNESS = 100
SETTING READ: RGBLED = ENABLED
SETTING READ: BRIGHTNESS = 100
SETTING READ: RGBLED = ENABLED
SETTING READ: BRIGHTNESS = 100
SETTING READ: RGBLED = ENABLED
SETTING READ: BRIGHTNESS = 100
SETTING READ: RGBLED = ENABLED
SETTING READ: BRIGHTNESS = 100
Checking PID 2529 timeout...
21:38:59.932788
21
21:38 21:38
SETTING READ: RGBLED = ENABLED
SETTING READ: BRIGHTNESS = 100
SETTING READ: RGBLED = ENABLED
SETTING READ: BRIGHTNESS = 100
SETTING READ: RGBLED = ENABLED
SETTING READ: BRIGHTNESS = 100
SETTING READ: RGBLED = ENABLED
SETTING READ: BRIGHTNESS = 100
SETTING READ: RGBLED = ENABLED
SETTING READ: BRIGHTNESS = 100
SETTING READ: RGBLED = ENABLED
SETTING READ: BRIGHTNESS = 100
SETTING READ: RGBLED = ENABLED
SETTING READ: BRIGHTNESS = 100
Checking PID 2529 timeout...
21:39:00.699537
21
21:39 21:38
TIME CHANGED
SETTING READ: RGBLED = ENABLED
SETTING READ: BRIGHTNESS = 100
SETTING READ: RGBLED = ENABLED
SETTING READ: BRIGHTNESS = 100
SETTING READ: RGBLED = ENABLED
SETTING READ: BRIGHTNESS = 100
SETTING READ: RGBLED = ENABLED
SETTING READ: BRIGHTNESS = 100
SETTING READ: RGBLED = ENABLED
SETTING READ: BRIGHTNESS = 100
SETTING READ: RGBLED = ENABLED
SETTING READ: BRIGHTNESS = 100
SETTING READ: RGBLED = ENABLED
SETTING READ: BRIGHTNESS = 100
Checking PID 2529 timeout...
21:39:01.409810
21
21:39 21:39
SETTING READ: RGBLED = ENABLED
SETTING READ: BRIGHTNESS = 100
BLOOP
SETTING READ: RGBLED = ENABLED
SETTING READ: BRIGHTNESS = 100
SETTING READ: RGBLED = ENABLED
SETTING READ: BRIGHTNESS = 100
SETTING READ: RGBLED = ENABLED
SETTING READ: BRIGHTNESS = 100
SETTING READ: RGBLED = ENABLED
SETTING READ: BRIGHTNESS = 100
SETTING READ: RGBLED = ENABLED
SETTING READ: BRIGHTNESS = 