Checking PID 2281 timeout...
Checking PID 2281 timeout...
Switch found! Bedroom Wemo
Checking PID 2281 timeout...
Checking PID 2281 timeout...
LOADING...
DISCOVERING WEMO SWITCHES...
==================
DONE! Found these:
['Bedroom Wemo']
==================
Gathering info about WeMo switches...
08863B72AD88|Bedroom Wemo|1


WeMo switches/states populated:
Checking PID 2281 timeout...
['Bedroom Wemo']
Checking PID 2281 timeout...
CHECKING WEMO STATES...
08863B72AD88|Bedroom Wemo|1

Checking PID 2281 timeout...
CHECKING WEMO STATES...
08863B72AD88|Bedroom Wemo|1

Checking PID 2281 timeout...
CHECKING WEMO STATES...
08863B72AD88|Bedroom Wemo|1

Checking PID 2281 timeout...
CHECKING WEMO STATES...
08863B72AD88|Bedroom Wemo|1

Checking PID 2281 timeout...
CHECKING WEMO STATES...
08863B72AD88|Bedroom Wemo|1

Checking PID 2281 timeout...
CHECKING WEMO STATES...
08863B72AD88|Bedroom Wemo|1

Checking PID 2281 timeout...
CHECKING WEMO STATES...
08863B72AD88|Bedroom Wemo|1

Checking PID 2281 timeout...
CHECKING WEMO STATES...
08863B72AD88|Bedroom Wemo|1

Checking PID 2281 timeout...
CHECKING WEMO STATES...
08863B72AD88|Bedroom Wemo|1

Checking PID 2281 timeout...
CHECKING WEMO STATES...
08863B72AD88|Bedroom Wemo|1

BLOOP
Checking PID 2281 timeout...
CHECKING WEMO STATES...
08863B72AD88|Bedroom Wemo|1

Checking PID 2281 timeout...
CHECKING WEMO STATES...
08863B72AD88|Bedroom Wemo|1

Checking PID 2281 timeout...
CHECKING WEMO STATES...
08863B72AD88|Bedroom Wemo|1

Checking PID 2281 timeout...
CHECKING WEMO STATES...
08863B72AD88|Bedroom Wemo|1

Checking PID 2281 timeout...
CHECKING WEMO STATES...
08863B72AD88|Bedroom Wemo|1

Checking PID 2281 timeout...
CHECKING WEMO STATES...
08863B72AD88|Bedroom Wemo|1

Checking PID 2281 timeout...
CHECKING WEMO STATES...
08863B72AD88|Bedroom Wemo|1

Checking PID 2281 timeout...
CHECKING WEMO STATES...
08863B72AD88|Bedroom Wemo|1

Checking PID 2281 timeout...
CHECKING WEMO STATES...
08863B72AD88|Bedroom Wemo|1

Checking PID 2281 timeout...
CHECKING WEMO STATES...
08863B72AD88|Bedroom Wemo|1

Checking PID 2281 timeout...
CHECKING WEMO STATES...
08863B72AD88|Bedroom Wemo|1

BLOOP
Checking PID 2281 timeout...
CHECKING WEMO STATES...
08863B72AD88|Bedroom Wemo|1

Checking PID 2281 timeout...
CHECKING WEMO STATES...
08863B72AD88|Bedroom Wemo|1

Checking PID 2281 timeout...
CHECKING WEMO STATES...
08863B72AD88|Bedroom Wemo|1

Checking PID 2281 timeout...
CHECKING WEMO STATES...
08863B72AD88|Bedroom Wemo|1

Checking PID 2281 timeout...
CHECKING WEMO STATES...
08863B72AD88|Bedroom Wemo|1

Checking PID 2281 timeout...
CHECKING WEMO STATES...
08863B72AD88|Bedroom Wemo|1

Checking PID 2281 timeout...
CHECKING WEMO STATES...
08863B72AD88|Bedroom Wemo|1

Checking PID 2281 timeout...
CHECKING WEMO STATES...
08863B72AD88|Bedroom Wemo|1

Checking PID 2281 timeout...
CHECKING WEMO STATES...
08863B72AD88|Bedroom Wemo|1

Checking PID 2281 timeout...
CHECKING WEMO STATES...
08863B72AD88|Bedroom Wemo|1

Checking PID 2281 timeout...
CHECKING WEMO STATES...
08863B72AD88|Bedroom Wemo|1

BLOOP
Checking PID 2281 timeout...
CHECKING WEMO STATES...
08863B72AD88|Bedroom Wemo|1

Checking PID 2281 timeout...
CHECKING WEMO STATES...
08863B72AD88|Bedroom Wemo|1

Checking PID 2281 timeout...
CHECKING WEMO STATES...
08863B72AD88|Bedroom Wemo|1

Checking PID 2281 timeout...
CHECKING WEMO STATES...
08863B72AD88|Bedroom Wemo|1

Checking PID 2281 timeout...
CHECKING WEMO STATES...
08863B72AD88|Bedroom Wemo|1

Checking PID 2281 timeout...
CHECKING WEMO STATES...
08863B72AD88|Bedroom Wemo|1

Checking PID 2281 timeout...
CHECKING WEMO STATES...
08863B72AD88|Bedroom Wemo|1

Checking PID 2281 timeout...
CHECKING WEMO STATES...
08863B72AD88|Bedroom Wemo|1

Checking PID 2281 timeout...
CHECKING WEMO STATES...
08863B72AD88|Bedroom Wemo|1

Checking PID 2281 timeout...
CHECKING WEMO STATES...
08863B72AD88|Bedroom Wemo|1

Checking PID 2281 timeout...
CHECKING WEMO STATES...
08863B72AD88|Bedroom Wemo|1

BLOOP
Checking PID 2281 timeout...
CHECKING WEMO STATES...
08863B72AD88|Bedroom Wemo|1

Checking PID 2281 timeout...
CHECKING WEMO STATES...
08863B72